build/app/outputs/mapping/release/mapping.txt
# compiler: R8
# compiler_version: 1.5.64
# min_api: 21
# pg_map_id: cfe50b6
...
androidx.appcompat.widget.AppCompatTextHelper -> androidx.appcompat.widget.y:
    androidx.appcompat.widget.AppCompatTextViewAutoSizeHelper mAutoSizeTextHelper -> i
    boolean mAsyncFontPending -> m
    int mStyle -> j
    int mFontWeight -> k
    androidx.appcompat.widget.TintInfo mDrawableLeftTint -> b
    androidx.appcompat.widget.TintInfo mDrawableTopTint -> c
    androidx.appcompat.widget.TintInfo mDrawableStartTint -> f
    androidx.appcompat.widget.TintInfo mDrawableEndTint -> g
    android.widget.TextView mView -> a
    androidx.appcompat.widget.TintInfo mDrawableRightTint -> d
    androidx.appcompat.widget.TintInfo mDrawableBottomTint -> e
    android.graphics.Typeface mFontTypeface -> l
    androidx.appcompat.widget.TintInfo mDrawableTint -> h
    void applyCompoundDrawableTint(android.graphics.drawable.Drawable,androidx.appcompat.widget.TintInfo) -> a
    void applyCompoundDrawablesTints() -> a
    androidx.appcompat.widget.TintInfo createTintInfo(android.content.Context,androidx.appcompat.widget.AppCompatDrawableManager,int) -> a
    void loadFromAttributes(android.util.AttributeSet,int) -> a
    void onLayout(boolean,int,int,int,int) -> a
    void onSetTextAppearance(android.content.Context,int) -> a
    void runOnUiThread(java.lang.Runnable) -> a
    void setAllCaps(boolean) -> a
    void setAutoSizeTextTypeUniformWithConfiguration(int,int,int,int) -> a
    void setAutoSizeTextTypeUniformWithPresetSizes(int[],int) -> a
androidx.appcompat.widget.AppCompatTextHelper$ApplyTextViewCallback -> androidx.appcompat.widget.y$a:
    java.lang.ref.WeakReference mParent -> a
    int mFontWeight -> b
    int mStyle -> c
    void onFontRetrievalFailed(int) -> a
    void onFontRetrieved(android.graphics.Typeface) -> a
androidx.appcompat.widget.AppCompatTextHelper$ApplyTextViewCallback$TypefaceApplyCallback -> androidx.appcompat.widget.y$a$a:
    android.graphics.Typeface mTypeface -> c
    java.lang.ref.WeakReference mParent -> b
androidx.appcompat.widget.AppCompatTextView -> androidx.appcompat.widget.z:
    androidx.appcompat.widget.AppCompatTextClassifierHelper mTextClassifierHelper -> d
    androidx.appcompat.widget.AppCompatBackgroundHelper mBackgroundTintHelper -> b
    androidx.appcompat.widget.AppCompatTextHelper mTextHelper -> c
    java.util.concurrent.Future mPrecomputedTextFuture -> e
    void consumeTextFutureAndSetBlocking() -> d
androidx.appcompat.widget.AppCompatTextViewAutoSizeHelper -> androidx.appcompat.widget.a0:
    float mAutoSizeMaxTextSizeInPx -> e
    float mAutoSizeMinTextSizeInPx -> d
    float mAutoSizeStepGranularityInPx -> c
    android.content.Context mContext -> j
    android.graphics.RectF TEMP_RECTF -> k
    int mAutoSizeTextType -> a
    int[] mAutoSizeTextSizesInPx -> f
    boolean mHasPresetAutoSizeValues -> g
    android.widget.TextView mTextView -> i
    java.util.concurrent.ConcurrentHashMap sTextViewFieldByNameCache -> m
    java.util.concurrent.ConcurrentHashMap sTextViewMethodByNameCache -> l
    boolean mNeedsAutoSizeText -> b
    android.text.TextPaint mTempTextPaint -> h
    java.lang.Object accessAndReturnWithDefault(java.lang.Object,java.lang.String,java.lang.Object) -> a
    void autoSizeText() -> a
    int[] cleanupAutoSizePresetSizes(int[]) -> a
    android.text.StaticLayout createLayout(java.lang.CharSequence,android.text.Layout$Alignment,int,int) -> a
    android.text.StaticLayout createStaticLayoutForMeasuringPre16(java.lang.CharSequence,android.text.Layout$Alignment,int) -> a
    int findLargestTextSizeWhichFits(android.graphics.RectF) -> a
    java.lang.reflect.Field getTextViewField(java.lang.String) -> a
    void initTempTextPaint(int) -> a
    void loadFromAttributes(android.util.AttributeSet,int) -> a
    void setAutoSizeTextTypeUniformWithConfiguration(int,int,int,int) -> a
    void setAutoSizeTextTypeUniformWithPresetSizes(int[],int) -> a